<?xml version="1.0" encoding="UTF-8"?>
<!-- Generated by org.testng.reporters.JUnitReportReporter -->
<testsuite skipped="0" hostname="basheer-PC" name="ABSATest.API.APITest" tests="1" failures="0" timestamp="2020-11-16T14:29:37 CAT" time="93.769" errors="0">
  <testcase name="readExcelandexecute" time="93.769" classname="ABSATest.API.APITest"/>
  <system-out>
!!!!!!!! Given Two test cases passed !!!!!!!! 
 !!!!!!!! Given Two test cases passed !!!!!!!! 
  </system-out>
</testsuite> <!-- ABSATest.API.APITest -->
